<?xml version="1.0" encoding="UTF-8"?>
<!-- Generated by org.testng.reporters.JUnitReportReporter -->
<testsuite ignored="0" hostname="LAPTOP-VCIBI8CN" failures="0" tests="1" name="selenium.Example" time="2.831" errors="0" timestamp="02 Sep 2021 12:07:57 GMT" skipped="0">
  <testcase classname="selenium.Example" name="f" time="2.831"/>
</testsuite> <!-- selenium.Example -->
